c:\users\gsx12\source\repos\bobex\bobex\x64\release\vc143.pdb
c:\users\gsx12\source\repos\bobex\bobex\x64\release\kiero.obj
c:\users\gsx12\source\repos\bobex\bobex\x64\release\imgui_widgets.obj
c:\users\gsx12\source\repos\bobex\bobex\x64\release\imgui_tables.obj
c:\users\gsx12\source\repos\bobex\bobex\x64\release\imgui_impl_win32.obj
c:\users\gsx12\source\repos\bobex\bobex\x64\release\imgui_impl_dx11.obj
c:\users\gsx12\source\repos\bobex\bobex\x64\release\imgui_draw.obj
c:\users\gsx12\source\repos\bobex\bobex\x64\release\imgui_demo.obj
c:\users\gsx12\source\repos\bobex\bobex\x64\release\imgui.obj
c:\users\gsx12\source\repos\bobex\bobex\x64\release\dllmain.obj
c:\users\gsx12\source\repos\bobex\x64\release\bobex.dll
c:\users\gsx12\source\repos\bobex\bobex\x64\release\bobex.ipdb
c:\users\gsx12\source\repos\bobex\x64\release\bobex.pdb
c:\users\gsx12\source\repos\bobex\bobex\x64\release\bobex.iobj
c:\users\gsx12\source\repos\bobex\bobex\x64\release\bobex.tlog\cl.command.1.tlog
c:\users\gsx12\source\repos\bobex\bobex\x64\release\bobex.tlog\cl.items.tlog
c:\users\gsx12\source\repos\bobex\bobex\x64\release\bobex.tlog\cl.read.1.tlog
c:\users\gsx12\source\repos\bobex\bobex\x64\release\bobex.tlog\cl.write.1.tlog
c:\users\gsx12\source\repos\bobex\bobex\x64\release\bobex.tlog\link.command.1.tlog
c:\users\gsx12\source\repos\bobex\bobex\x64\release\bobex.tlog\link.read.1.tlog
c:\users\gsx12\source\repos\bobex\bobex\x64\release\bobex.tlog\link.write.1.tlog
